<?xml version="1.0" encoding="UTF-8"?>
<!-- Generated by org.testng.reporters.JUnitReportReporter -->
<testsuite skipped="0" hostname="DESKTOP-UR90FRE" name="com.us_spending.tests.FrameWorkTest" tests="1" failures="0" timestamp="14 Mar 2018 03:43:42 GMT" time="0.012" errors="0">
  <testcase name="frameWorkTest" time="0.012" classname="com.us_spending.tests.FrameWorkTest"/>
</testsuite> <!-- com.us_spending.tests.FrameWorkTest -->
