<?xml version="1.0" encoding="UTF-8"?>
<!-- Generated by org.testng.reporters.JUnitReportReporter -->
<testsuite skipped="0" hostname="DESKTOP-R6KNSMQ" name="com.us_spending.tests.TestCase6_Bobur" tests="1" failures="0" timestamp="20 Mar 2018 21:41:01 GMT" time="9.482" errors="0">
  <testcase name="TestCase6" time="9.482" classname="com.us_spending.tests.TestCase6_Bobur"/>
</testsuite> <!-- com.us_spending.tests.TestCase6_Bobur -->
