<?xml version="1.0" encoding="UTF-8"?>
<!-- Generated by org.testng.reporters.JUnitReportReporter -->
<testsuite skipped="0" hostname="Nijats-MacBook-Pro.local" name="com.us_spending.tests.FrameWorkTest" tests="1" failures="0" timestamp="15 Mar 2018 04:40:47 GMT" time="0.005" errors="0">
  <testcase name="frameWorkTest" time="0.005" classname="com.us_spending.tests.FrameWorkTest"/>
</testsuite> <!-- com.us_spending.tests.FrameWorkTest -->
