<?xml version="1.0" encoding="UTF-8"?>
<!-- Generated by org.testng.reporters.JUnitReportReporter -->
<testsuite skipped="0" hostname="Nijats-MacBook-Pro.local" name="com.us_spending.tests.UsSpendingTestCase" tests="6" failures="0" timestamp="20 Mar 2018 02:21:51 GMT" time="13.147" errors="0">
  <testcase name="testCase1" time="1.988" classname="com.us_spending.tests.UsSpendingTestCase"/>
  <testcase name="testCase2" time="2.362" classname="com.us_spending.tests.UsSpendingTestCase"/>
  <testcase name="testCase7" time="5.982" classname="com.us_spending.tests.UsSpendingTestCase"/>
  <testcase name="testCase12" time="0.391" classname="com.us_spending.tests.UsSpendingTestCase"/>
  <testcase name="testCase15" time="2.186" classname="com.us_spending.tests.UsSpendingTestCase"/>
  <testcase name="signIn" time="0.238" classname="com.us_spending.tests.UsSpendingTestCase"/>
</testsuite> <!-- com.us_spending.tests.UsSpendingTestCase -->
