<?xml version="1.0" encoding="UTF-8"?>
<!-- Generated by org.testng.reporters.JUnitReportReporter -->
<testsuite skipped="0" hostname="Nijats-MacBook-Pro.local" name="com.us_spending.tests.FrameWorkTest" tests="1" failures="0" timestamp="14 Mar 2018 02:13:52 GMT" time="0.006" errors="0">
  <testcase name="frameWorkTest" time="0.006" classname="com.us_spending.tests.FrameWorkTest"/>
</testsuite> <!-- com.us_spending.tests.FrameWorkTest -->
