<?xml version="1.0" encoding="UTF-8"?>
<!-- Generated by org.testng.reporters.JUnitReportReporter -->
<testsuite skipped="0" hostname="Nijats-MacBook-Pro.local" name="com.us_spending.tests.SmokeTest" tests="2" failures="0" timestamp="16 Mar 2018 02:26:34 GMT" time="2.240" errors="0">
  <testcase name="smokeTest1" time="0.134" classname="com.us_spending.tests.SmokeTest"/>
  <testcase name="smokeTest2" time="2.106" classname="com.us_spending.tests.SmokeTest"/>
</testsuite> <!-- com.us_spending.tests.SmokeTest -->
