<?xml version="1.0" encoding="UTF-8"?>
<!-- Generated by org.testng.reporters.JUnitReportReporter -->
<testsuite skipped="0" hostname="DESKTOP-R6KNSMQ" name="com.us_spending.tests.TestCase5_Bobur" tests="1" failures="0" timestamp="20 Mar 2018 21:43:08 GMT" time="6.946" errors="0">
  <testcase name="TestCase5" time="6.946" classname="com.us_spending.tests.TestCase5_Bobur"/>
</testsuite> <!-- com.us_spending.tests.TestCase5_Bobur -->
