<?xml version="1.0" encoding="UTF-8"?>
<!-- Generated by org.testng.reporters.JUnitReportReporter -->
<testsuite skipped="0" hostname="Nijats-MacBook-Pro.local" name="com.us_spending.tests.UsSpendingTestCase" tests="1" failures="0" timestamp="17 Mar 2018 04:11:48 GMT" time="6.031" errors="0">
  <testcase name="testCase7" time="6.031" classname="com.us_spending.tests.UsSpendingTestCase"/>
</testsuite> <!-- com.us_spending.tests.UsSpendingTestCase -->
