<?xml version="1.0" encoding="UTF-8"?>
<!-- Generated by org.testng.reporters.JUnitReportReporter -->
<testsuite skipped="0" hostname="Nijats-MacBook-Pro.local" name="com.us_spending.tests.UsSpendingTestCase" tests="2" failures="0" timestamp="17 Mar 2018 21:21:47 GMT" time="5.662" errors="0">
  <testcase name="testCase1" time="4.399" classname="com.us_spending.tests.UsSpendingTestCase"/>
  <testcase name="testCase7" time="1.263" classname="com.us_spending.tests.UsSpendingTestCase"/>
</testsuite> <!-- com.us_spending.tests.UsSpendingTestCase -->
